{"/Users/gonzalovazquez/Dropbox/Projects/filmy-api/app.js":{"path":"/Users/gonzalovazquez/Dropbox/Projects/filmy-api/app.js","s":{"1":1,"2":1,"3":1,"4":1,"5":1,"6":1,"7":1,"8":1,"9":1,"10":1,"11":1,"12":1,"13":1,"14":1,"15":0,"16":0,"17":0,"18":1,"19":0,"20":0,"21":0,"22":0,"23":0,"24":0,"25":0,"26":0,"27":1,"28":1,"29":0,"30":0,"31":0,"32":0,"33":0,"34":1,"35":5,"36":5,"37":1,"38":4,"39":4,"40":4,"41":4,"42":1,"43":1,"44":1,"45":3,"46":3,"47":0,"48":0,"49":0,"50":0,"51":0,"52":0,"53":0,"54":0,"55":0,"56":0,"57":0,"58":1,"59":0,"60":0,"61":0,"62":0,"63":0,"64":0,"65":0,"66":0,"67":0,"68":0,"69":0,"70":1,"71":1,"72":1,"73":5,"74":5,"75":5,"76":5,"77":5,"78":5,"79":5,"80":5,"81":5,"82":1,"83":3,"84":3,"85":3,"86":1},"b":{"1":[0,0],"2":[0,0],"3":[1,4],"4":[1,3],"5":[0,0],"6":[0,0],"7":[0,0],"8":[0,0],"9":[0,0]},"f":{"1":0,"2":0,"3":0,"4":1,"5":0,"6":5,"7":4,"8":0,"9":0,"10":0,"11":0,"12":0,"13":0,"14":1,"15":5,"16":3},"fnMap":{"1":{"name":"(anonymous_1)","line":18,"loc":{"start":{"line":18,"column":13},"end":{"line":18,"column":38}}},"2":{"name":"(anonymous_2)","line":24,"loc":{"start":{"line":24,"column":22},"end":{"line":24,"column":41}}},"3":{"name":"(anonymous_3)","line":26,"loc":{"start":{"line":26,"column":38},"end":{"line":26,"column":56}}},"4":{"name":"(anonymous_4)","line":43,"loc":{"start":{"line":43,"column":22},"end":{"line":43,"column":41}}},"5":{"name":"(anonymous_5)","line":44,"loc":{"start":{"line":44,"column":23},"end":{"line":44,"column":44}}},"6":{"name":"(anonymous_6)","line":56,"loc":{"start":{"line":56,"column":23},"end":{"line":56,"column":42}}},"7":{"name":"(anonymous_7)","line":66,"loc":{"start":{"line":66,"column":33},"end":{"line":66,"column":51}}},"8":{"name":"(anonymous_8)","line":77,"loc":{"start":{"line":77,"column":39},"end":{"line":77,"column":58}}},"9":{"name":"(anonymous_9)","line":82,"loc":{"start":{"line":82,"column":16},"end":{"line":82,"column":30}}},"10":{"name":"(anonymous_10)","line":105,"loc":{"start":{"line":105,"column":29},"end":{"line":105,"column":48}}},"11":{"name":"(anonymous_11)","line":108,"loc":{"start":{"line":108,"column":48},"end":{"line":108,"column":73}}},"12":{"name":"(anonymous_12)","line":111,"loc":{"start":{"line":111,"column":27},"end":{"line":111,"column":42}}},"13":{"name":"(anonymous_13)","line":113,"loc":{"start":{"line":113,"column":27},"end":{"line":113,"column":51}}},"14":{"name":"(anonymous_14)","line":130,"loc":{"start":{"line":130,"column":31},"end":{"line":130,"column":42}}},"15":{"name":"validateRequest","line":134,"loc":{"start":{"line":134,"column":0},"end":{"line":134,"column":30}}},"16":{"name":"createFilmModel","line":150,"loc":{"start":{"line":150,"column":0},"end":{"line":150,"column":37}}}},"statementMap":{"1":{"start":{"line":1,"column":0},"end":{"line":1,"column":33}},"2":{"start":{"line":2,"column":0},"end":{"line":2,"column":20}},"3":{"start":{"line":3,"column":0},"end":{"line":3,"column":40}},"4":{"start":{"line":4,"column":0},"end":{"line":4,"column":27}},"5":{"start":{"line":5,"column":0},"end":{"line":5,"column":40}},"6":{"start":{"line":6,"column":0},"end":{"line":6,"column":52}},"7":{"start":{"line":7,"column":0},"end":{"line":7,"column":25}},"8":{"start":{"line":8,"column":0},"end":{"line":8,"column":26}},"9":{"start":{"line":9,"column":0},"end":{"line":9,"column":41}},"10":{"start":{"line":11,"column":0},"end":{"line":11,"column":16}},"11":{"start":{"line":13,"column":0},"end":{"line":13,"column":45}},"12":{"start":{"line":14,"column":0},"end":{"line":14,"column":28}},"13":{"start":{"line":16,"column":0},"end":{"line":16,"column":43}},"14":{"start":{"line":18,"column":0},"end":{"line":22,"column":4}},"15":{"start":{"line":19,"column":1},"end":{"line":19,"column":48}},"16":{"start":{"line":20,"column":1},"end":{"line":20,"column":94}},"17":{"start":{"line":21,"column":1},"end":{"line":21,"column":8}},"18":{"start":{"line":24,"column":0},"end":{"line":40,"column":3}},"19":{"start":{"line":26,"column":1},"end":{"line":38,"column":5}},"20":{"start":{"line":27,"column":2},"end":{"line":27,"column":44}},"21":{"start":{"line":28,"column":2},"end":{"line":28,"column":30}},"22":{"start":{"line":29,"column":3},"end":{"line":37,"column":4}},"23":{"start":{"line":30,"column":4},"end":{"line":34,"column":5}},"24":{"start":{"line":31,"column":5},"end":{"line":31,"column":43}},"25":{"start":{"line":33,"column":5},"end":{"line":33,"column":37}},"26":{"start":{"line":36,"column":4},"end":{"line":36,"column":24}},"27":{"start":{"line":43,"column":0},"end":{"line":53,"column":3}},"28":{"start":{"line":44,"column":1},"end":{"line":52,"column":4}},"29":{"start":{"line":45,"column":2},"end":{"line":51,"column":3}},"30":{"start":{"line":46,"column":3},"end":{"line":46,"column":25}},"31":{"start":{"line":47,"column":3},"end":{"line":47,"column":26}},"32":{"start":{"line":49,"column":3},"end":{"line":49,"column":17}},"33":{"start":{"line":50,"column":3},"end":{"line":50,"column":48}},"34":{"start":{"line":56,"column":0},"end":{"line":102,"column":3}},"35":{"start":{"line":57,"column":1},"end":{"line":60,"column":28}},"36":{"start":{"line":62,"column":1},"end":{"line":64,"column":2}},"37":{"start":{"line":63,"column":2},"end":{"line":63,"column":46}},"38":{"start":{"line":66,"column":1},"end":{"line":101,"column":4}},"39":{"start":{"line":67,"column":2},"end":{"line":67,"column":44}},"40":{"start":{"line":69,"column":2},"end":{"line":100,"column":3}},"41":{"start":{"line":70,"column":3},"end":{"line":96,"column":4}},"42":{"start":{"line":71,"column":4},"end":{"line":71,"column":30}},"43":{"start":{"line":72,"column":4},"end":{"line":72,"column":35}},"44":{"start":{"line":73,"column":4},"end":{"line":73,"column":49}},"45":{"start":{"line":75,"column":4},"end":{"line":75,"column":43}},"46":{"start":{"line":77,"column":4},"end":{"line":94,"column":7}},"47":{"start":{"line":79,"column":5},"end":{"line":79,"column":28}},"48":{"start":{"line":81,"column":5},"end":{"line":93,"column":6}},"49":{"start":{"line":82,"column":6},"end":{"line":90,"column":9}},"50":{"start":{"line":83,"column":7},"end":{"line":89,"column":8}},"51":{"start":{"line":84,"column":8},"end":{"line":84,"column":31}},"52":{"start":{"line":85,"column":8},"end":{"line":85,"column":42}},"53":{"start":{"line":87,"column":8},"end":{"line":87,"column":22}},"54":{"start":{"line":88,"column":8},"end":{"line":88,"column":53}},"55":{"start":{"line":92,"column":6},"end":{"line":92,"column":57}},"56":{"start":{"line":98,"column":3},"end":{"line":98,"column":38}},"57":{"start":{"line":99,"column":3},"end":{"line":99,"column":59}},"58":{"start":{"line":105,"column":0},"end":{"line":128,"column":3}},"59":{"start":{"line":106,"column":1},"end":{"line":106,"column":26}},"60":{"start":{"line":108,"column":1},"end":{"line":127,"column":4}},"61":{"start":{"line":110,"column":2},"end":{"line":126,"column":3}},"62":{"start":{"line":111,"column":3},"end":{"line":123,"column":6}},"63":{"start":{"line":112,"column":4},"end":{"line":122,"column":5}},"64":{"start":{"line":113,"column":5},"end":{"line":119,"column":8}},"65":{"start":{"line":114,"column":6},"end":{"line":118,"column":7}},"66":{"start":{"line":115,"column":7},"end":{"line":115,"column":32}},"67":{"start":{"line":117,"column":7},"end":{"line":117,"column":31}},"68":{"start":{"line":121,"column":5},"end":{"line":121,"column":22}},"69":{"start":{"line":125,"column":3},"end":{"line":125,"column":46}},"70":{"start":{"line":130,"column":0},"end":{"line":132,"column":3}},"71":{"start":{"line":131,"column":1},"end":{"line":131,"column":84}},"72":{"start":{"line":134,"column":0},"end":{"line":148,"column":1}},"73":{"start":{"line":135,"column":1},"end":{"line":135,"column":12}},"74":{"start":{"line":137,"column":1},"end":{"line":137,"column":52}},"75":{"start":{"line":138,"column":1},"end":{"line":138,"column":50}},"76":{"start":{"line":139,"column":1},"end":{"line":139,"column":52}},"77":{"start":{"line":140,"column":1},"end":{"line":140,"column":58}},"78":{"start":{"line":141,"column":1},"end":{"line":141,"column":56}},"79":{"start":{"line":143,"column":1},"end":{"line":143,"column":33}},"80":{"start":{"line":145,"column":1},"end":{"line":145,"column":18}},"81":{"start":{"line":147,"column":1},"end":{"line":147,"column":15}},"82":{"start":{"line":150,"column":0},"end":{"line":176,"column":1}},"83":{"start":{"line":151,"column":1},"end":{"line":151,"column":10}},"84":{"start":{"line":153,"column":1},"end":{"line":173,"column":4}},"85":{"start":{"line":175,"column":1},"end":{"line":175,"column":13}},"86":{"start":{"line":178,"column":0},"end":{"line":178,"column":28}}},"branchMap":{"1":{"line":30,"type":"if","locations":[{"start":{"line":30,"column":4},"end":{"line":30,"column":4}},{"start":{"line":30,"column":4},"end":{"line":30,"column":4}}]},"2":{"line":45,"type":"if","locations":[{"start":{"line":45,"column":2},"end":{"line":45,"column":2}},{"start":{"line":45,"column":2},"end":{"line":45,"column":2}}]},"3":{"line":62,"type":"if","locations":[{"start":{"line":62,"column":1},"end":{"line":62,"column":1}},{"start":{"line":62,"column":1},"end":{"line":62,"column":1}}]},"4":{"line":70,"type":"if","locations":[{"start":{"line":70,"column":3},"end":{"line":70,"column":3}},{"start":{"line":70,"column":3},"end":{"line":70,"column":3}}]},"5":{"line":81,"type":"if","locations":[{"start":{"line":81,"column":5},"end":{"line":81,"column":5}},{"start":{"line":81,"column":5},"end":{"line":81,"column":5}}]},"6":{"line":83,"type":"if","locations":[{"start":{"line":83,"column":7},"end":{"line":83,"column":7}},{"start":{"line":83,"column":7},"end":{"line":83,"column":7}}]},"7":{"line":110,"type":"if","locations":[{"start":{"line":110,"column":2},"end":{"line":110,"column":2}},{"start":{"line":110,"column":2},"end":{"line":110,"column":2}}]},"8":{"line":112,"type":"if","locations":[{"start":{"line":112,"column":4},"end":{"line":112,"column":4}},{"start":{"line":112,"column":4},"end":{"line":112,"column":4}}]},"9":{"line":114,"type":"if","locations":[{"start":{"line":114,"column":6},"end":{"line":114,"column":6}},{"start":{"line":114,"column":6},"end":{"line":114,"column":6}}]}}},"/Users/gonzalovazquez/Dropbox/Projects/filmy-api/model/film.js":{"path":"/Users/gonzalovazquez/Dropbox/Projects/filmy-api/model/film.js","s":{"1":1,"2":1,"3":1,"4":1,"5":1,"6":1},"b":{"1":[1,0]},"f":{},"fnMap":{},"statementMap":{"1":{"start":{"line":1,"column":0},"end":{"line":1,"column":35}},"2":{"start":{"line":2,"column":0},"end":{"line":2,"column":54}},"3":{"start":{"line":3,"column":0},"end":{"line":3,"column":50}},"4":{"start":{"line":5,"column":0},"end":{"line":5,"column":57}},"5":{"start":{"line":8,"column":0},"end":{"line":28,"column":3}},"6":{"start":{"line":31,"column":0},"end":{"line":31,"column":56}}},"branchMap":{"1":{"line":3,"type":"binary-expr","locations":[{"start":{"line":3,"column":18},"end":{"line":3,"column":33}},{"start":{"line":3,"column":37},"end":{"line":3,"column":49}}]}}},"/Users/gonzalovazquez/Dropbox/Projects/filmy-api/config/config.js":{"path":"/Users/gonzalovazquez/Dropbox/Projects/filmy-api/config/config.js","s":{"1":1,"2":1},"b":{},"f":{},"fnMap":{},"statementMap":{"1":{"start":{"line":1,"column":0},"end":{"line":1,"column":83}},"2":{"start":{"line":3,"column":0},"end":{"line":3,"column":50}}},"branchMap":{}},"/Users/gonzalovazquez/Dropbox/Projects/filmy-api/services/omdb.js":{"path":"/Users/gonzalovazquez/Dropbox/Projects/filmy-api/services/omdb.js","s":{"1":1,"2":1,"3":1,"4":1,"5":4,"6":4,"7":4,"8":4,"9":0,"10":0,"11":0,"12":1},"b":{"1":[0,0]},"f":{"1":4,"2":4,"3":4,"4":0},"fnMap":{"1":{"name":"validateMovie","line":5,"loc":{"start":{"line":5,"column":0},"end":{"line":5,"column":27}}},"2":{"name":"(anonymous_2)","line":6,"loc":{"start":{"line":6,"column":20},"end":{"line":6,"column":46}}},"3":{"name":"(anonymous_3)","line":9,"loc":{"start":{"line":9,"column":15},"end":{"line":9,"column":29}}},"4":{"name":"(anonymous_4)","line":14,"loc":{"start":{"line":14,"column":16},"end":{"line":14,"column":30}}}},"statementMap":{"1":{"start":{"line":1,"column":0},"end":{"line":1,"column":33}},"2":{"start":{"line":2,"column":0},"end":{"line":2,"column":33}},"3":{"start":{"line":3,"column":0},"end":{"line":3,"column":44}},"4":{"start":{"line":5,"column":0},"end":{"line":22,"column":1}},"5":{"start":{"line":6,"column":1},"end":{"line":21,"column":6}},"6":{"start":{"line":7,"column":2},"end":{"line":20,"column":6}},"7":{"start":{"line":11,"column":4},"end":{"line":11,"column":44}},"8":{"start":{"line":12,"column":4},"end":{"line":12,"column":17}},"9":{"start":{"line":16,"column":4},"end":{"line":16,"column":47}},"10":{"start":{"line":17,"column":4},"end":{"line":19,"column":5}},"11":{"start":{"line":18,"column":5},"end":{"line":18,"column":17}},"12":{"start":{"line":24,"column":0},"end":{"line":24,"column":45}}},"branchMap":{"1":{"line":17,"type":"if","locations":[{"start":{"line":17,"column":4},"end":{"line":17,"column":4}},{"start":{"line":17,"column":4},"end":{"line":17,"column":4}}]}}}}