{"/Users/gonzalovazquez/Dropbox/Projects/filmy-node/app.js":{"path":"/Users/gonzalovazquez/Dropbox/Projects/filmy-node/app.js","s":{"1":1,"2":1,"3":1,"4":1,"5":1,"6":1,"7":1,"8":1,"9":1,"10":1,"11":1,"12":1,"13":1,"14":1,"15":1,"16":0,"17":0,"18":0,"19":1,"20":0,"21":0,"22":0,"23":0,"24":0,"25":0,"26":0,"27":0,"28":1,"29":0,"30":0,"31":0,"32":0,"33":0,"34":0,"35":1,"36":0,"37":0,"38":0,"39":0,"40":0,"41":0,"42":0,"43":0,"44":0,"45":0,"46":0,"47":0,"48":0,"49":0,"50":0,"51":0,"52":0,"53":0,"54":0,"55":0,"56":0,"57":0,"58":0,"59":1,"60":0,"61":0,"62":0,"63":0,"64":0,"65":0,"66":0,"67":0,"68":0,"69":0,"70":0,"71":1,"72":0,"73":1,"74":0,"75":0,"76":0,"77":0,"78":0,"79":0,"80":0,"81":0,"82":0,"83":1,"84":0,"85":0,"86":0,"87":1},"b":{"1":[0,0],"2":[0,0],"3":[0,0],"4":[0,0],"5":[0,0],"6":[0,0],"7":[0,0],"8":[0,0],"9":[0,0]},"f":{"1":0,"2":0,"3":0,"4":0,"5":0,"6":0,"7":0,"8":0,"9":0,"10":0,"11":0,"12":0,"13":0,"14":0,"15":0,"16":0},"fnMap":{"1":{"name":"(anonymous_1)","line":19,"loc":{"start":{"line":19,"column":13},"end":{"line":19,"column":38}}},"2":{"name":"(anonymous_2)","line":25,"loc":{"start":{"line":25,"column":22},"end":{"line":25,"column":41}}},"3":{"name":"(anonymous_3)","line":27,"loc":{"start":{"line":27,"column":38},"end":{"line":27,"column":56}}},"4":{"name":"(anonymous_4)","line":44,"loc":{"start":{"line":44,"column":22},"end":{"line":44,"column":41}}},"5":{"name":"(anonymous_5)","line":45,"loc":{"start":{"line":45,"column":23},"end":{"line":45,"column":44}}},"6":{"name":"(anonymous_6)","line":57,"loc":{"start":{"line":57,"column":23},"end":{"line":57,"column":42}}},"7":{"name":"(anonymous_7)","line":68,"loc":{"start":{"line":68,"column":33},"end":{"line":68,"column":51}}},"8":{"name":"(anonymous_8)","line":79,"loc":{"start":{"line":79,"column":39},"end":{"line":79,"column":58}}},"9":{"name":"(anonymous_9)","line":84,"loc":{"start":{"line":84,"column":16},"end":{"line":84,"column":30}}},"10":{"name":"(anonymous_10)","line":107,"loc":{"start":{"line":107,"column":29},"end":{"line":107,"column":48}}},"11":{"name":"(anonymous_11)","line":110,"loc":{"start":{"line":110,"column":48},"end":{"line":110,"column":73}}},"12":{"name":"(anonymous_12)","line":113,"loc":{"start":{"line":113,"column":27},"end":{"line":113,"column":42}}},"13":{"name":"(anonymous_13)","line":115,"loc":{"start":{"line":115,"column":27},"end":{"line":115,"column":51}}},"14":{"name":"(anonymous_14)","line":132,"loc":{"start":{"line":132,"column":31},"end":{"line":132,"column":42}}},"15":{"name":"validateRequest","line":136,"loc":{"start":{"line":136,"column":0},"end":{"line":136,"column":30}}},"16":{"name":"createFilmModel","line":152,"loc":{"start":{"line":152,"column":0},"end":{"line":152,"column":37}}}},"statementMap":{"1":{"start":{"line":1,"column":0},"end":{"line":1,"column":33}},"2":{"start":{"line":2,"column":0},"end":{"line":2,"column":20}},"3":{"start":{"line":3,"column":0},"end":{"line":3,"column":27}},"4":{"start":{"line":4,"column":0},"end":{"line":4,"column":40}},"5":{"start":{"line":5,"column":0},"end":{"line":5,"column":27}},"6":{"start":{"line":6,"column":0},"end":{"line":6,"column":40}},"7":{"start":{"line":7,"column":0},"end":{"line":7,"column":52}},"8":{"start":{"line":8,"column":0},"end":{"line":8,"column":25}},"9":{"start":{"line":9,"column":0},"end":{"line":9,"column":26}},"10":{"start":{"line":10,"column":0},"end":{"line":10,"column":41}},"11":{"start":{"line":12,"column":0},"end":{"line":12,"column":16}},"12":{"start":{"line":14,"column":0},"end":{"line":14,"column":45}},"13":{"start":{"line":15,"column":0},"end":{"line":15,"column":28}},"14":{"start":{"line":17,"column":0},"end":{"line":17,"column":43}},"15":{"start":{"line":19,"column":0},"end":{"line":23,"column":4}},"16":{"start":{"line":20,"column":1},"end":{"line":20,"column":48}},"17":{"start":{"line":21,"column":1},"end":{"line":21,"column":94}},"18":{"start":{"line":22,"column":1},"end":{"line":22,"column":8}},"19":{"start":{"line":25,"column":0},"end":{"line":41,"column":3}},"20":{"start":{"line":27,"column":1},"end":{"line":39,"column":5}},"21":{"start":{"line":28,"column":2},"end":{"line":28,"column":44}},"22":{"start":{"line":29,"column":2},"end":{"line":29,"column":30}},"23":{"start":{"line":30,"column":3},"end":{"line":38,"column":4}},"24":{"start":{"line":31,"column":4},"end":{"line":35,"column":5}},"25":{"start":{"line":32,"column":5},"end":{"line":32,"column":42}},"26":{"start":{"line":34,"column":5},"end":{"line":34,"column":37}},"27":{"start":{"line":37,"column":4},"end":{"line":37,"column":24}},"28":{"start":{"line":44,"column":0},"end":{"line":54,"column":3}},"29":{"start":{"line":45,"column":1},"end":{"line":53,"column":3}},"30":{"start":{"line":46,"column":2},"end":{"line":52,"column":3}},"31":{"start":{"line":47,"column":3},"end":{"line":47,"column":25}},"32":{"start":{"line":48,"column":3},"end":{"line":48,"column":26}},"33":{"start":{"line":50,"column":3},"end":{"line":50,"column":48}},"34":{"start":{"line":51,"column":3},"end":{"line":51,"column":17}},"35":{"start":{"line":57,"column":0},"end":{"line":104,"column":3}},"36":{"start":{"line":58,"column":1},"end":{"line":62,"column":28}},"37":{"start":{"line":64,"column":1},"end":{"line":66,"column":2}},"38":{"start":{"line":65,"column":2},"end":{"line":65,"column":46}},"39":{"start":{"line":68,"column":1},"end":{"line":103,"column":4}},"40":{"start":{"line":69,"column":2},"end":{"line":69,"column":44}},"41":{"start":{"line":71,"column":2},"end":{"line":102,"column":3}},"42":{"start":{"line":72,"column":3},"end":{"line":98,"column":4}},"43":{"start":{"line":73,"column":4},"end":{"line":73,"column":30}},"44":{"start":{"line":74,"column":4},"end":{"line":74,"column":35}},"45":{"start":{"line":75,"column":4},"end":{"line":75,"column":49}},"46":{"start":{"line":77,"column":4},"end":{"line":77,"column":43}},"47":{"start":{"line":79,"column":4},"end":{"line":96,"column":7}},"48":{"start":{"line":81,"column":5},"end":{"line":81,"column":28}},"49":{"start":{"line":83,"column":5},"end":{"line":95,"column":6}},"50":{"start":{"line":84,"column":6},"end":{"line":92,"column":9}},"51":{"start":{"line":85,"column":7},"end":{"line":91,"column":8}},"52":{"start":{"line":86,"column":8},"end":{"line":86,"column":31}},"53":{"start":{"line":87,"column":8},"end":{"line":87,"column":42}},"54":{"start":{"line":89,"column":8},"end":{"line":89,"column":22}},"55":{"start":{"line":90,"column":8},"end":{"line":90,"column":53}},"56":{"start":{"line":94,"column":6},"end":{"line":94,"column":57}},"57":{"start":{"line":100,"column":3},"end":{"line":100,"column":38}},"58":{"start":{"line":101,"column":3},"end":{"line":101,"column":59}},"59":{"start":{"line":107,"column":0},"end":{"line":130,"column":3}},"60":{"start":{"line":108,"column":1},"end":{"line":108,"column":26}},"61":{"start":{"line":110,"column":1},"end":{"line":129,"column":4}},"62":{"start":{"line":112,"column":2},"end":{"line":128,"column":3}},"63":{"start":{"line":113,"column":3},"end":{"line":125,"column":6}},"64":{"start":{"line":114,"column":4},"end":{"line":124,"column":5}},"65":{"start":{"line":115,"column":5},"end":{"line":121,"column":7}},"66":{"start":{"line":116,"column":6},"end":{"line":120,"column":7}},"67":{"start":{"line":117,"column":7},"end":{"line":117,"column":32}},"68":{"start":{"line":119,"column":7},"end":{"line":119,"column":31}},"69":{"start":{"line":123,"column":5},"end":{"line":123,"column":22}},"70":{"start":{"line":127,"column":3},"end":{"line":127,"column":46}},"71":{"start":{"line":132,"column":0},"end":{"line":134,"column":3}},"72":{"start":{"line":133,"column":1},"end":{"line":133,"column":84}},"73":{"start":{"line":136,"column":0},"end":{"line":150,"column":1}},"74":{"start":{"line":137,"column":1},"end":{"line":137,"column":12}},"75":{"start":{"line":139,"column":1},"end":{"line":139,"column":52}},"76":{"start":{"line":140,"column":1},"end":{"line":140,"column":50}},"77":{"start":{"line":141,"column":1},"end":{"line":141,"column":52}},"78":{"start":{"line":142,"column":1},"end":{"line":142,"column":58}},"79":{"start":{"line":143,"column":1},"end":{"line":143,"column":56}},"80":{"start":{"line":145,"column":1},"end":{"line":145,"column":33}},"81":{"start":{"line":147,"column":1},"end":{"line":147,"column":18}},"82":{"start":{"line":149,"column":1},"end":{"line":149,"column":15}},"83":{"start":{"line":152,"column":0},"end":{"line":178,"column":1}},"84":{"start":{"line":153,"column":1},"end":{"line":153,"column":10}},"85":{"start":{"line":155,"column":1},"end":{"line":175,"column":4}},"86":{"start":{"line":177,"column":1},"end":{"line":177,"column":13}},"87":{"start":{"line":180,"column":0},"end":{"line":180,"column":28}}},"branchMap":{"1":{"line":31,"type":"if","locations":[{"start":{"line":31,"column":4},"end":{"line":31,"column":4}},{"start":{"line":31,"column":4},"end":{"line":31,"column":4}}]},"2":{"line":46,"type":"if","locations":[{"start":{"line":46,"column":2},"end":{"line":46,"column":2}},{"start":{"line":46,"column":2},"end":{"line":46,"column":2}}]},"3":{"line":64,"type":"if","locations":[{"start":{"line":64,"column":1},"end":{"line":64,"column":1}},{"start":{"line":64,"column":1},"end":{"line":64,"column":1}}]},"4":{"line":72,"type":"if","locations":[{"start":{"line":72,"column":3},"end":{"line":72,"column":3}},{"start":{"line":72,"column":3},"end":{"line":72,"column":3}}]},"5":{"line":83,"type":"if","locations":[{"start":{"line":83,"column":5},"end":{"line":83,"column":5}},{"start":{"line":83,"column":5},"end":{"line":83,"column":5}}]},"6":{"line":85,"type":"if","locations":[{"start":{"line":85,"column":7},"end":{"line":85,"column":7}},{"start":{"line":85,"column":7},"end":{"line":85,"column":7}}]},"7":{"line":112,"type":"if","locations":[{"start":{"line":112,"column":2},"end":{"line":112,"column":2}},{"start":{"line":112,"column":2},"end":{"line":112,"column":2}}]},"8":{"line":114,"type":"if","locations":[{"start":{"line":114,"column":4},"end":{"line":114,"column":4}},{"start":{"line":114,"column":4},"end":{"line":114,"column":4}}]},"9":{"line":116,"type":"if","locations":[{"start":{"line":116,"column":6},"end":{"line":116,"column":6}},{"start":{"line":116,"column":6},"end":{"line":116,"column":6}}]}}},"/Users/gonzalovazquez/Dropbox/Projects/filmy-node/model/film.js":{"path":"/Users/gonzalovazquez/Dropbox/Projects/filmy-node/model/film.js","s":{"1":1,"2":1,"3":1,"4":1,"5":1,"6":1},"b":{"1":[1,1]},"f":{},"fnMap":{},"statementMap":{"1":{"start":{"line":1,"column":0},"end":{"line":1,"column":35}},"2":{"start":{"line":2,"column":0},"end":{"line":2,"column":54}},"3":{"start":{"line":3,"column":0},"end":{"line":3,"column":50}},"4":{"start":{"line":5,"column":0},"end":{"line":5,"column":57}},"5":{"start":{"line":8,"column":0},"end":{"line":28,"column":3}},"6":{"start":{"line":31,"column":0},"end":{"line":31,"column":56}}},"branchMap":{"1":{"line":3,"type":"binary-expr","locations":[{"start":{"line":3,"column":18},"end":{"line":3,"column":33}},{"start":{"line":3,"column":37},"end":{"line":3,"column":49}}]}}},"/Users/gonzalovazquez/Dropbox/Projects/filmy-node/config/config.js":{"path":"/Users/gonzalovazquez/Dropbox/Projects/filmy-node/config/config.js","s":{"1":1,"2":1},"b":{},"f":{},"fnMap":{},"statementMap":{"1":{"start":{"line":1,"column":0},"end":{"line":1,"column":83}},"2":{"start":{"line":3,"column":0},"end":{"line":3,"column":50}}},"branchMap":{}},"/Users/gonzalovazquez/Dropbox/Projects/filmy-node/services/omdb.js":{"path":"/Users/gonzalovazquez/Dropbox/Projects/filmy-node/services/omdb.js","s":{"1":1,"2":1,"3":1,"4":1,"5":0,"6":0,"7":0,"8":0,"9":0,"10":0,"11":0,"12":1},"b":{"1":[0,0]},"f":{"1":0,"2":0,"3":0,"4":0},"fnMap":{"1":{"name":"validateMovie","line":6,"loc":{"start":{"line":6,"column":0},"end":{"line":6,"column":27}}},"2":{"name":"(anonymous_2)","line":7,"loc":{"start":{"line":7,"column":20},"end":{"line":7,"column":46}}},"3":{"name":"(anonymous_3)","line":10,"loc":{"start":{"line":10,"column":15},"end":{"line":10,"column":29}}},"4":{"name":"(anonymous_4)","line":15,"loc":{"start":{"line":15,"column":16},"end":{"line":15,"column":30}}}},"statementMap":{"1":{"start":{"line":1,"column":0},"end":{"line":1,"column":33}},"2":{"start":{"line":2,"column":0},"end":{"line":2,"column":33}},"3":{"start":{"line":3,"column":0},"end":{"line":3,"column":44}},"4":{"start":{"line":6,"column":0},"end":{"line":21,"column":1}},"5":{"start":{"line":7,"column":1},"end":{"line":20,"column":6}},"6":{"start":{"line":8,"column":2},"end":{"line":19,"column":6}},"7":{"start":{"line":12,"column":4},"end":{"line":12,"column":44}},"8":{"start":{"line":13,"column":4},"end":{"line":13,"column":17}},"9":{"start":{"line":17,"column":4},"end":{"line":17,"column":47}},"10":{"start":{"line":18,"column":4},"end":{"line":18,"column":25}},"11":{"start":{"line":18,"column":13},"end":{"line":18,"column":25}},"12":{"start":{"line":23,"column":0},"end":{"line":23,"column":45}}},"branchMap":{"1":{"line":18,"type":"if","locations":[{"start":{"line":18,"column":4},"end":{"line":18,"column":4}},{"start":{"line":18,"column":4},"end":{"line":18,"column":4}}]}}}}