TN:
SF:/Users/gonzalovazquez/Dropbox/Projects/filmy-api/app.js
FN:18,(anonymous_1)
FN:24,(anonymous_2)
FN:26,(anonymous_3)
FN:43,(anonymous_4)
FN:44,(anonymous_5)
FN:56,(anonymous_6)
FN:66,(anonymous_7)
FN:77,(anonymous_8)
FN:82,(anonymous_9)
FN:105,(anonymous_10)
FN:108,(anonymous_11)
FN:111,(anonymous_12)
FN:113,(anonymous_13)
FN:130,(anonymous_14)
FN:134,validateRequest
FN:150,createFilmModel
FNF:16
FNH:6
FNDA:0,(anonymous_1)
FNDA:0,(anonymous_2)
FNDA:0,(anonymous_3)
FNDA:1,(anonymous_4)
FNDA:0,(anonymous_5)
FNDA:5,(anonymous_6)
FNDA:4,(anonymous_7)
FNDA:0,(anonymous_8)
FNDA:0,(anonymous_9)
FNDA:0,(anonymous_10)
FNDA:0,(anonymous_11)
FNDA:0,(anonymous_12)
FNDA:0,(anonymous_13)
FNDA:1,(anonymous_14)
FNDA:5,validateRequest
FNDA:3,createFilmModel
DA:1,1
DA:2,1
DA:3,1
DA:4,1
DA:5,1
DA:6,1
DA:7,1
DA:8,1
DA:9,1
DA:11,1
DA:13,1
DA:14,1
DA:16,1
DA:18,1
DA:19,0
DA:20,0
DA:21,0
DA:24,1
DA:26,0
DA:27,0
DA:28,0
DA:29,0
DA:30,0
DA:31,0
DA:33,0
DA:36,0
DA:43,1
DA:44,1
DA:45,0
DA:46,0
DA:47,0
DA:49,0
DA:50,0
DA:56,1
DA:57,5
DA:62,5
DA:63,1
DA:66,4
DA:67,4
DA:69,4
DA:70,4
DA:71,1
DA:72,1
DA:73,1
DA:75,3
DA:77,3
DA:79,0
DA:81,0
DA:82,0
DA:83,0
DA:84,0
DA:85,0
DA:87,0
DA:88,0
DA:92,0
DA:98,0
DA:99,0
DA:105,1
DA:106,0
DA:108,0
DA:110,0
DA:111,0
DA:112,0
DA:113,0
DA:114,0
DA:115,0
DA:117,0
DA:121,0
DA:125,0
DA:130,1
DA:131,1
DA:134,1
DA:135,5
DA:137,5
DA:138,5
DA:139,5
DA:140,5
DA:141,5
DA:143,5
DA:145,5
DA:147,5
DA:150,1
DA:151,3
DA:153,3
DA:175,3
DA:178,1
LF:86
LH:48
BRDA:30,1,0,0
BRDA:30,1,1,0
BRDA:45,2,0,0
BRDA:45,2,1,0
BRDA:62,3,0,1
BRDA:62,3,1,4
BRDA:70,4,0,1
BRDA:70,4,1,3
BRDA:81,5,0,0
BRDA:81,5,1,0
BRDA:83,6,0,0
BRDA:83,6,1,0
BRDA:110,7,0,0
BRDA:110,7,1,0
BRDA:112,8,0,0
BRDA:112,8,1,0
BRDA:114,9,0,0
BRDA:114,9,1,0
BRF:18
BRH:4
end_of_record
TN:
SF:/Users/gonzalovazquez/Dropbox/Projects/filmy-api/model/film.js
FNF:0
FNH:0
DA:1,1
DA:2,1
DA:3,1
DA:5,1
DA:8,1
DA:31,1
LF:6
LH:6
BRDA:3,1,0,1
BRDA:3,1,1,0
BRF:2
BRH:1
end_of_record
TN:
SF:/Users/gonzalovazquez/Dropbox/Projects/filmy-api/config/config.js
FNF:0
FNH:0
DA:1,1
DA:3,1
LF:2
LH:2
BRF:0
BRH:0
end_of_record
TN:
SF:/Users/gonzalovazquez/Dropbox/Projects/filmy-api/services/omdb.js
FN:5,validateMovie
FN:6,(anonymous_2)
FN:9,(anonymous_3)
FN:14,(anonymous_4)
FNF:4
FNH:3
FNDA:4,validateMovie
FNDA:4,(anonymous_2)
FNDA:4,(anonymous_3)
FNDA:0,(anonymous_4)
DA:1,1
DA:2,1
DA:3,1
DA:5,1
DA:6,4
DA:7,4
DA:11,4
DA:12,4
DA:16,0
DA:17,0
DA:18,0
DA:24,1
LF:12
LH:9
BRDA:17,1,0,0
BRDA:17,1,1,0
BRF:2
BRH:0
end_of_record
